<?xml version="1.0" encoding="UTF-8"?>
<!-- Generated by org.testng.reporters.JUnitReportReporter -->
<testsuite hostname="LIN-D7G5VQ3" failures="0" tests="1" name="cucumberOptions.TestNGSearchRunner" time="16.075" errors="0" timestamp="2025-03-18T23:14:10 IST" skipped="0">
  <testcase classname="cucumberOptions.TestNGSearchRunner" name="runScenario" time="16.075"/>
</testsuite> <!-- cucumberOptions.TestNGSearchRunner -->
